  bucket_sort_serial.cpp
F:\My Programs\c_programs\open_mp\algorithms_group_proj\bucket_sort_serial\bucket_sort_serial\bucket_sort_serial.cpp(189,19): warning C4244: 'initializing': conversion from '_Rep' to 'float', possible loss of data
          with
          [
              _Rep=__int64
          ]
F:\My Programs\c_programs\open_mp\algorithms_group_proj\bucket_sort_serial\bucket_sort_serial\bucket_sort_serial.cpp(203,80): warning C4244: '=': conversion from '_Rep' to 'float', possible loss of data
          with
          [
              _Rep=__int64
          ]
F:\My Programs\c_programs\open_mp\algorithms_group_proj\bucket_sort_serial\bucket_sort_serial\bucket_sort_serial.cpp(214,80): warning C4244: '=': conversion from '_Rep' to 'float', possible loss of data
          with
          [
              _Rep=__int64
          ]
F:\My Programs\c_programs\open_mp\algorithms_group_proj\bucket_sort_serial\bucket_sort_serial\bucket_sort_serial.cpp(225,80): warning C4244: '=': conversion from '_Rep' to 'float', possible loss of data
          with
          [
              _Rep=__int64
          ]
F:\My Programs\c_programs\open_mp\algorithms_group_proj\bucket_sort_serial\bucket_sort_serial\bucket_sort_serial.cpp(236,80): warning C4244: '=': conversion from '_Rep' to 'float', possible loss of data
          with
          [
              _Rep=__int64
          ]
  bucket_sort_serial.vcxproj -> F:\My Programs\c_programs\open_mp\algorithms_group_proj\bucket_sort_serial\Debug\bucket_sort_serial.exe
