  bubble_sort_parallel.cpp
F:\My Programs\c_programs\open_mp\algorithms_group_proj\bubble_sort_parallel\bubble_sort_parallel\bubble_sort_parallel.cpp(166,19): warning C4244: 'initializing': conversion from '_Rep' to 'float', possible loss of data
          with
          [
              _Rep=__int64
          ]
F:\My Programs\c_programs\open_mp\algorithms_group_proj\bubble_sort_parallel\bubble_sort_parallel\bubble_sort_parallel.cpp(180,23): warning C4244: 'initializing': conversion from '_Rep' to 'float', possible loss of data
          with
          [
              _Rep=__int64
          ]
F:\My Programs\c_programs\open_mp\algorithms_group_proj\bubble_sort_parallel\bubble_sort_parallel\bubble_sort_parallel.cpp(190,80): warning C4244: '=': conversion from '_Rep' to 'float', possible loss of data
          with
          [
              _Rep=__int64
          ]
F:\My Programs\c_programs\open_mp\algorithms_group_proj\bubble_sort_parallel\bubble_sort_parallel\bubble_sort_parallel.cpp(200,80): warning C4244: '=': conversion from '_Rep' to 'float', possible loss of data
          with
          [
              _Rep=__int64
          ]
F:\My Programs\c_programs\open_mp\algorithms_group_proj\bubble_sort_parallel\bubble_sort_parallel\bubble_sort_parallel.cpp(210,80): warning C4244: '=': conversion from '_Rep' to 'float', possible loss of data
          with
          [
              _Rep=__int64
          ]
  bubble_sort_parallel.vcxproj -> F:\My Programs\c_programs\open_mp\algorithms_group_proj\bubble_sort_parallel\Debug\bubble_sort_parallel.exe
